e:\projects\vs\repos\unrealdbg\hook\release\vc142.pdb
e:\projects\vs\repos\unrealdbg\hook\release\vmx.obj
e:\projects\vs\repos\unrealdbg\hook\release\log.obj
e:\projects\vs\repos\unrealdbg\hook\release\injectcode.obj
e:\projects\vs\repos\unrealdbg\hook\release\apcinject.obj
e:\projects\vs\repos\unrealdbg\hook\release\functionset.obj
e:\projects\vs\repos\unrealdbg\hook\release\globals.obj
e:\projects\vs\repos\unrealdbg\hook\release\dllmain.obj
e:\projects\vs\repos\unrealdbg\hook\release\debugevent.obj
e:\projects\vs\repos\unrealdbg\hook\release\debugbreak.obj
e:\projects\vs\repos\unrealdbg\hook\release\dispatchdata.obj
e:\projects\vs\repos\unrealdbg\hook\release\logger.obj
e:\projects\vs\repos\unrealdbg\hook\release\filesystem.obj
e:\projects\vs\repos\unrealdbg\hook\release\blowfish.obj
e:\projects\vs\repos\unrealdbg\hook\release\hook.obj
e:\projects\vs\repos\unrealdbg\hook\release\common.obj
e:\projects\vs\repos\unrealdbg\release\hook.dll
e:\projects\vs\repos\unrealdbg\hook\release\hook.ipdb
e:\projects\vs\repos\unrealdbg\hook\release\hook.iobj
e:\projects\vs\repos\unrealdbg\release\hook.pdb
e:\projects\vs\repos\unrealdbg\hook\release\asmcallsetx86.obj
e:\projects\vs\repos\unrealdbg\hook\release\hook.tlog\cl.command.1.tlog
e:\projects\vs\repos\unrealdbg\hook\release\hook.tlog\cl.read.1.tlog
e:\projects\vs\repos\unrealdbg\hook\release\hook.tlog\cl.write.1.tlog
e:\projects\vs\repos\unrealdbg\hook\release\hook.tlog\link.command.1.tlog
e:\projects\vs\repos\unrealdbg\hook\release\hook.tlog\link.read.1.tlog
e:\projects\vs\repos\unrealdbg\hook\release\hook.tlog\link.write.1.tlog
e:\projects\vs\repos\unrealdbg\hook\release\hook.tlog\masm.read.1u.tlog
e:\projects\vs\repos\unrealdbg\hook\release\hook.tlog\masm.write.1u.tlog
