e:\projects\vs\repos\unrealdbg\hook\debug\vc142.pdb
e:\projects\vs\repos\unrealdbg\hook\debug\vc142.idb
e:\projects\vs\repos\unrealdbg\hook\debug\log.obj
e:\projects\vs\repos\unrealdbg\hook\debug\injectcode.obj
e:\projects\vs\repos\unrealdbg\hook\debug\apcinject.obj
e:\projects\vs\repos\unrealdbg\hook\debug\functionset.obj
e:\projects\vs\repos\unrealdbg\hook\debug\globals.obj
e:\projects\vs\repos\unrealdbg\hook\debug\dllmain.obj
e:\projects\vs\repos\unrealdbg\hook\debug\debugevent.obj
e:\projects\vs\repos\unrealdbg\hook\debug\debugbreak.obj
e:\projects\vs\repos\unrealdbg\hook\debug\dispatchdata.obj
e:\projects\vs\repos\unrealdbg\hook\debug\logger.obj
e:\projects\vs\repos\unrealdbg\hook\debug\filesystem.obj
e:\projects\vs\repos\unrealdbg\hook\debug\blowfish.obj
e:\projects\vs\repos\unrealdbg\hook\debug\hook.obj
e:\projects\vs\repos\unrealdbg\hook\debug\common.obj
e:\projects\vs\repos\unrealdbg\hook\debug\asmcallsetx86.obj
e:\projects\vs\repos\unrealdbg\hook\debug\hook.tlog\cl.command.1.tlog
e:\projects\vs\repos\unrealdbg\hook\debug\hook.tlog\cl.read.1.tlog
e:\projects\vs\repos\unrealdbg\hook\debug\hook.tlog\cl.write.1.tlog
e:\projects\vs\repos\unrealdbg\hook\debug\hook.tlog\masm.read.1u.tlog
e:\projects\vs\repos\unrealdbg\hook\debug\hook.tlog\masm.write.1u.tlog
