e:\projects\vs\repos\unrealdbg\hook\x64\debug\vc142.pdb
e:\projects\vs\repos\unrealdbg\hook\x64\debug\vc142.idb
e:\projects\vs\repos\unrealdbg\hook\x64\debug\vmx.obj
e:\projects\vs\repos\unrealdbg\hook\x64\debug\log.obj
e:\projects\vs\repos\unrealdbg\hook\x64\debug\injectcode.obj
e:\projects\vs\repos\unrealdbg\hook\x64\debug\apcinject.obj
e:\projects\vs\repos\unrealdbg\hook\x64\debug\functionset.obj
e:\projects\vs\repos\unrealdbg\hook\x64\debug\globals.obj
e:\projects\vs\repos\unrealdbg\hook\x64\debug\dllmain.obj
e:\projects\vs\repos\unrealdbg\hook\x64\debug\debugevent.obj
e:\projects\vs\repos\unrealdbg\hook\x64\debug\debugbreak.obj
e:\projects\vs\repos\unrealdbg\hook\x64\debug\dispatchdata.obj
e:\projects\vs\repos\unrealdbg\hook\x64\debug\logger.obj
e:\projects\vs\repos\unrealdbg\hook\x64\debug\filesystem.obj
e:\projects\vs\repos\unrealdbg\hook\x64\debug\blowfish.obj
e:\projects\vs\repos\unrealdbg\hook\x64\debug\hook.obj
e:\projects\vs\repos\unrealdbg\hook\x64\debug\common.obj
e:\projects\vs\repos\unrealdbg\hook\x64\debug\asmcallset.obj
e:\projects\vs\repos\unrealdbg\hook\x64\debug\hook.tlog\cl.command.1.tlog
e:\projects\vs\repos\unrealdbg\hook\x64\debug\hook.tlog\cl.read.1.tlog
e:\projects\vs\repos\unrealdbg\hook\x64\debug\hook.tlog\cl.write.1.tlog
e:\projects\vs\repos\unrealdbg\hook\x64\debug\hook.tlog\link.command.1.tlog
e:\projects\vs\repos\unrealdbg\hook\x64\debug\hook.tlog\link.read.1.tlog
e:\projects\vs\repos\unrealdbg\hook\x64\debug\hook.tlog\link.write.1.tlog
e:\projects\vs\repos\unrealdbg\hook\x64\debug\hook.tlog\masm.read.1u.tlog
e:\projects\vs\repos\unrealdbg\hook\x64\debug\hook.tlog\masm.write.1u.tlog
