c:\users\administrator.desktop-1dadfr4\desktop\原大师4.1版本\虚幻调试器4.1.1源码\unrealdbg\hook\x64\release\vc142.pdb
c:\users\administrator.desktop-1dadfr4\desktop\原大师4.1版本\虚幻调试器4.1.1源码\unrealdbg\hook\x64\release\vmx.obj
c:\users\administrator.desktop-1dadfr4\desktop\原大师4.1版本\虚幻调试器4.1.1源码\unrealdbg\hook\x64\release\log.obj
c:\users\administrator.desktop-1dadfr4\desktop\原大师4.1版本\虚幻调试器4.1.1源码\unrealdbg\hook\x64\release\injectcode.obj
c:\users\administrator.desktop-1dadfr4\desktop\原大师4.1版本\虚幻调试器4.1.1源码\unrealdbg\hook\x64\release\apcinject.obj
c:\users\administrator.desktop-1dadfr4\desktop\原大师4.1版本\虚幻调试器4.1.1源码\unrealdbg\hook\x64\release\functionset.obj
c:\users\administrator.desktop-1dadfr4\desktop\原大师4.1版本\虚幻调试器4.1.1源码\unrealdbg\hook\x64\release\globals.obj
c:\users\administrator.desktop-1dadfr4\desktop\原大师4.1版本\虚幻调试器4.1.1源码\unrealdbg\hook\x64\release\dllmain.obj
c:\users\administrator.desktop-1dadfr4\desktop\原大师4.1版本\虚幻调试器4.1.1源码\unrealdbg\hook\x64\release\debugevent.obj
c:\users\administrator.desktop-1dadfr4\desktop\原大师4.1版本\虚幻调试器4.1.1源码\unrealdbg\hook\x64\release\debugbreak.obj
c:\users\administrator.desktop-1dadfr4\desktop\原大师4.1版本\虚幻调试器4.1.1源码\unrealdbg\hook\x64\release\dispatchdata.obj
c:\users\administrator.desktop-1dadfr4\desktop\原大师4.1版本\虚幻调试器4.1.1源码\unrealdbg\hook\x64\release\logger.obj
c:\users\administrator.desktop-1dadfr4\desktop\原大师4.1版本\虚幻调试器4.1.1源码\unrealdbg\hook\x64\release\filesystem.obj
c:\users\administrator.desktop-1dadfr4\desktop\原大师4.1版本\虚幻调试器4.1.1源码\unrealdbg\hook\x64\release\blowfish.obj
c:\users\administrator.desktop-1dadfr4\desktop\原大师4.1版本\虚幻调试器4.1.1源码\unrealdbg\hook\x64\release\hook.obj
c:\users\administrator.desktop-1dadfr4\desktop\原大师4.1版本\虚幻调试器4.1.1源码\unrealdbg\hook\x64\release\common.obj
c:\users\administrator.desktop-1dadfr4\desktop\原大师4.1版本\虚幻调试器4.1.1源码\unrealdbg\x64\release\hook64.dll
c:\users\administrator.desktop-1dadfr4\desktop\原大师4.1版本\虚幻调试器4.1.1源码\unrealdbg\hook\x64\release\hook64.ipdb
c:\users\administrator.desktop-1dadfr4\desktop\原大师4.1版本\虚幻调试器4.1.1源码\unrealdbg\hook\x64\release\hook64.iobj
c:\users\administrator.desktop-1dadfr4\desktop\原大师4.1版本\虚幻调试器4.1.1源码\unrealdbg\x64\release\hook64.pdb
c:\users\administrator.desktop-1dadfr4\desktop\原大师4.1版本\虚幻调试器4.1.1源码\unrealdbg\hook\x64\release\asmcallset.obj
c:\users\administrator.desktop-1dadfr4\desktop\原大师4.1版本\虚幻调试器4.1.1源码\unrealdbg\hook\x64\release\hook.tlog\cl.command.1.tlog
c:\users\administrator.desktop-1dadfr4\desktop\原大师4.1版本\虚幻调试器4.1.1源码\unrealdbg\hook\x64\release\hook.tlog\cl.read.1.tlog
c:\users\administrator.desktop-1dadfr4\desktop\原大师4.1版本\虚幻调试器4.1.1源码\unrealdbg\hook\x64\release\hook.tlog\cl.write.1.tlog
c:\users\administrator.desktop-1dadfr4\desktop\原大师4.1版本\虚幻调试器4.1.1源码\unrealdbg\hook\x64\release\hook.tlog\link.command.1.tlog
c:\users\administrator.desktop-1dadfr4\desktop\原大师4.1版本\虚幻调试器4.1.1源码\unrealdbg\hook\x64\release\hook.tlog\link.read.1.tlog
c:\users\administrator.desktop-1dadfr4\desktop\原大师4.1版本\虚幻调试器4.1.1源码\unrealdbg\hook\x64\release\hook.tlog\link.write.1.tlog
c:\users\administrator.desktop-1dadfr4\desktop\原大师4.1版本\虚幻调试器4.1.1源码\unrealdbg\hook\x64\release\hook.tlog\masm.read.1u.tlog
c:\users\administrator.desktop-1dadfr4\desktop\原大师4.1版本\虚幻调试器4.1.1源码\unrealdbg\hook\x64\release\hook.tlog\masm.write.1u.tlog
