  Assembling vmx\Asm\AsmCallset.asm...
  Common.cpp
C:\Users\Administrator.DESKTOP-1DADFR4\Desktop\原大师4.1版本\虚幻调试器4.1.1源码\UnrealDbg\Common\Common.cpp(85,48): warning C4267: “初始化”: 从“size_t”转换到“int”，可能丢失数据
C:\Users\Administrator.DESKTOP-1DADFR4\Desktop\原大师4.1版本\虚幻调试器4.1.1源码\UnrealDbg\Common\Common.cpp(85,48): warning C4267: “初始化”: 从“size_t”转换到“const int”，可能丢失数据
C:\Users\Administrator.DESKTOP-1DADFR4\Desktop\原大师4.1版本\虚幻调试器4.1.1源码\UnrealDbg\Common\Common.cpp(247,77): warning C4267: “参数”: 从“size_t”转换到“_Ty”，可能丢失数据
          with
          [
              _Ty=int
          ]
  Hook.cpp
  Blowfish.cpp
C:\Users\Administrator.DESKTOP-1DADFR4\Desktop\原大师4.1版本\虚幻调试器4.1.1源码\UnrealDbg\Common\Encrypt\Blowfish\Blowfish.cpp(607,15): warning C4267: “=”: 从“size_t”转换到“int”，可能丢失数据
C:\Users\Administrator.DESKTOP-1DADFR4\Desktop\原大师4.1版本\虚幻调试器4.1.1源码\UnrealDbg\Common\Encrypt\Blowfish\Blowfish.cpp(610,31): warning C4267: “=”: 从“size_t”转换到“int”，可能丢失数据
C:\Users\Administrator.DESKTOP-1DADFR4\Desktop\原大师4.1版本\虚幻调试器4.1.1源码\UnrealDbg\Common\Encrypt\Blowfish\Blowfish.cpp(632,18): warning C4267: “=”: 从“size_t”转换到“int”，可能丢失数据
C:\Users\Administrator.DESKTOP-1DADFR4\Desktop\原大师4.1版本\虚幻调试器4.1.1源码\UnrealDbg\Common\Encrypt\Blowfish\Blowfish.cpp(636,51): warning C4267: “参数”: 从“size_t”转换到“int”，可能丢失数据
C:\Users\Administrator.DESKTOP-1DADFR4\Desktop\原大师4.1版本\虚幻调试器4.1.1源码\UnrealDbg\Common\Encrypt\Blowfish\Blowfish.cpp(703,10): warning C4244: “=”: 从“SIZE_T”转换到“int”，可能丢失数据
C:\Users\Administrator.DESKTOP-1DADFR4\Desktop\原大师4.1版本\虚幻调试器4.1.1源码\UnrealDbg\Common\Encrypt\Blowfish\Blowfish.cpp(707,19): warning C4244: “=”: 从“SIZE_T”转换到“int”，可能丢失数据
  FileSystem.cpp
  Logger.cpp
  DispatchData.cpp
C:\Users\Administrator.DESKTOP-1DADFR4\Desktop\原大师4.1版本\虚幻调试器4.1.1源码\UnrealDbg\Hook\ntdll.h(230,23): warning C4200: 使用了非标准扩展: 结构/联合中的零大小数组
C:\Users\Administrator.DESKTOP-1DADFR4\Desktop\原大师4.1版本\虚幻调试器4.1.1源码\UnrealDbg\Hook\ntdll.h(230,23): message : 默认构造函数或 copy/move 赋值运算符将忽略此成员
C:\Users\Administrator.DESKTOP-1DADFR4\Desktop\原大师4.1版本\虚幻调试器4.1.1源码\UnrealDbg\Hook\Channels\DispatchData.cpp(40,22): warning C4244: “=”: 从“SIZE_T”转换到“ULONG”，可能丢失数据
  DebugBreak.cpp
C:\Users\Administrator.DESKTOP-1DADFR4\Desktop\原大师4.1版本\虚幻调试器4.1.1源码\UnrealDbg\Hook\ntdll.h(230,23): warning C4200: 使用了非标准扩展: 结构/联合中的零大小数组
C:\Users\Administrator.DESKTOP-1DADFR4\Desktop\原大师4.1版本\虚幻调试器4.1.1源码\UnrealDbg\Hook\ntdll.h(230,23): message : 默认构造函数或 copy/move 赋值运算符将忽略此成员
C:\Users\Administrator.DESKTOP-1DADFR4\Desktop\原大师4.1版本\虚幻调试器4.1.1源码\UnrealDbg\Hook\DebugBreak\DebugBreak.cpp(92,28): warning C4477: “sprintf”: 格式字符串“%p”需要类型“void *”的参数，但可变参数 1 拥有了类型“size_t”
  DebugEvent.cpp
C:\Users\Administrator.DESKTOP-1DADFR4\Desktop\原大师4.1版本\虚幻调试器4.1.1源码\UnrealDbg\Hook\ntdll.h(230,23): warning C4200: 使用了非标准扩展: 结构/联合中的零大小数组
C:\Users\Administrator.DESKTOP-1DADFR4\Desktop\原大师4.1版本\虚幻调试器4.1.1源码\UnrealDbg\Hook\ntdll.h(230,23): message : 默认构造函数或 copy/move 赋值运算符将忽略此成员
  dllmain.cpp
C:\Users\Administrator.DESKTOP-1DADFR4\Desktop\原大师4.1版本\虚幻调试器4.1.1源码\UnrealDbg\Hook\ntdll.h(230,23): warning C4200: 使用了非标准扩展: 结构/联合中的零大小数组
C:\Users\Administrator.DESKTOP-1DADFR4\Desktop\原大师4.1版本\虚幻调试器4.1.1源码\UnrealDbg\Hook\ntdll.h(230,23): message : 默认构造函数或 copy/move 赋值运算符将忽略此成员
C:\Users\Administrator.DESKTOP-1DADFR4\Desktop\原大师4.1版本\虚幻调试器4.1.1源码\UnrealDbg\Hook\dllmain.cpp(185,20): warning C4018: “<”: 有符号/无符号不匹配
C:\Users\Administrator.DESKTOP-1DADFR4\Desktop\原大师4.1版本\虚幻调试器4.1.1源码\UnrealDbg\Hook\dllmain.cpp(191,39): warning C4311: “类型强制转换”: 从“HMODULE”到“DWORD”的指针截断
C:\Users\Administrator.DESKTOP-1DADFR4\Desktop\原大师4.1版本\虚幻调试器4.1.1源码\UnrealDbg\Hook\dllmain.cpp(191,39): warning C4302: “类型强制转换”: 从“HMODULE”到“DWORD”截断
C:\Users\Administrator.DESKTOP-1DADFR4\Desktop\原大师4.1版本\虚幻调试器4.1.1源码\UnrealDbg\Hook\dllmain.cpp(191,50): warning C4312: “类型强制转换”: 从“unsigned long”转换到更大的“PVOID”
C:\Users\Administrator.DESKTOP-1DADFR4\Desktop\原大师4.1版本\虚幻调试器4.1.1源码\UnrealDbg\Hook\dllmain.cpp(123,10): warning C4101: “hModule”: 未引用的局部变量
  Globals.cpp
C:\Users\Administrator.DESKTOP-1DADFR4\Desktop\原大师4.1版本\虚幻调试器4.1.1源码\UnrealDbg\Hook\ntdll.h(230,23): warning C4200: 使用了非标准扩展: 结构/联合中的零大小数组
C:\Users\Administrator.DESKTOP-1DADFR4\Desktop\原大师4.1版本\虚幻调试器4.1.1源码\UnrealDbg\Hook\ntdll.h(230,23): message : 默认构造函数或 copy/move 赋值运算符将忽略此成员
  functionSet.cpp
C:\Users\Administrator.DESKTOP-1DADFR4\Desktop\原大师4.1版本\虚幻调试器4.1.1源码\UnrealDbg\Hook\ntdll.h(230,23): warning C4200: 使用了非标准扩展: 结构/联合中的零大小数组
C:\Users\Administrator.DESKTOP-1DADFR4\Desktop\原大师4.1版本\虚幻调试器4.1.1源码\UnrealDbg\Hook\ntdll.h(230,23): message : 默认构造函数或 copy/move 赋值运算符将忽略此成员
C:\Users\Administrator.DESKTOP-1DADFR4\Desktop\原大师4.1版本\虚幻调试器4.1.1源码\UnrealDbg\Hook\HookCallSet\functionSet.cpp(82,14): warning C4101: “Status”: 未引用的局部变量
C:\Users\Administrator.DESKTOP-1DADFR4\Desktop\原大师4.1版本\虚幻调试器4.1.1源码\UnrealDbg\Hook\HookCallSet\functionSet.cpp(80,12): warning C4101: “hThread”: 未引用的局部变量
C:\Users\Administrator.DESKTOP-1DADFR4\Desktop\原大师4.1版本\虚幻调试器4.1.1源码\UnrealDbg\Hook\HookCallSet\functionSet.cpp(81,15): warning C4101: “ClientId”: 未引用的局部变量
C:\Users\Administrator.DESKTOP-1DADFR4\Desktop\原大师4.1版本\虚幻调试器4.1.1源码\UnrealDbg\Hook\HookCallSet\functionSet.cpp(457,35): warning C4244: “=”: 从“SIZE_T”转换到“int”，可能丢失数据
  ApcInject.cpp
C:\Users\Administrator.DESKTOP-1DADFR4\Desktop\原大师4.1版本\虚幻调试器4.1.1源码\UnrealDbg\Hook\ntdll.h(230,23): warning C4200: 使用了非标准扩展: 结构/联合中的零大小数组
C:\Users\Administrator.DESKTOP-1DADFR4\Desktop\原大师4.1版本\虚幻调试器4.1.1源码\UnrealDbg\Hook\ntdll.h(230,23): message : 默认构造函数或 copy/move 赋值运算符将忽略此成员
  InjectCode.cpp
C:\Users\Administrator.DESKTOP-1DADFR4\Desktop\原大师4.1版本\虚幻调试器4.1.1源码\UnrealDbg\Hook\ntdll.h(230,23): warning C4200: 使用了非标准扩展: 结构/联合中的零大小数组
C:\Users\Administrator.DESKTOP-1DADFR4\Desktop\原大师4.1版本\虚幻调试器4.1.1源码\UnrealDbg\Hook\ntdll.h(230,23): message : 默认构造函数或 copy/move 赋值运算符将忽略此成员
C:\Users\Administrator.DESKTOP-1DADFR4\Desktop\原大师4.1版本\虚幻调试器4.1.1源码\UnrealDbg\Hook\Inject\ShellCode\InjectCode.cpp(171,11): warning C4101: “Status”: 未引用的局部变量
C:\Users\Administrator.DESKTOP-1DADFR4\Desktop\原大师4.1版本\虚幻调试器4.1.1源码\UnrealDbg\Hook\Inject\ShellCode\InjectCode.cpp(169,9): warning C4101: “hThread”: 未引用的局部变量
C:\Users\Administrator.DESKTOP-1DADFR4\Desktop\原大师4.1版本\虚幻调试器4.1.1源码\UnrealDbg\Hook\Inject\ShellCode\InjectCode.cpp(170,12): warning C4101: “ClientId”: 未引用的局部变量
C:\Users\Administrator.DESKTOP-1DADFR4\Desktop\原大师4.1版本\虚幻调试器4.1.1源码\UnrealDbg\Hook\Inject\ShellCode\InjectCode.cpp(165,8): warning C4101: “remoteAddress”: 未引用的局部变量
  Log.cpp
C:\Users\Administrator.DESKTOP-1DADFR4\Desktop\原大师4.1版本\虚幻调试器4.1.1源码\UnrealDbg\Hook\ntdll.h(230,23): warning C4200: 使用了非标准扩展: 结构/联合中的零大小数组
C:\Users\Administrator.DESKTOP-1DADFR4\Desktop\原大师4.1版本\虚幻调试器4.1.1源码\UnrealDbg\Hook\ntdll.h(230,23): message : 默认构造函数或 copy/move 赋值运算符将忽略此成员
  vmx.cpp
C:\Users\Administrator.DESKTOP-1DADFR4\Desktop\原大师4.1版本\虚幻调试器4.1.1源码\UnrealDbg\Hook\ntdll.h(230,23): warning C4200: 使用了非标准扩展: 结构/联合中的零大小数组
C:\Users\Administrator.DESKTOP-1DADFR4\Desktop\原大师4.1版本\虚幻调试器4.1.1源码\UnrealDbg\Hook\ntdll.h(230,23): message : 默认构造函数或 copy/move 赋值运算符将忽略此成员
C:\Users\Administrator.DESKTOP-1DADFR4\Desktop\原大师4.1版本\虚幻调试器4.1.1源码\UnrealDbg\Hook\vmx\vmx.cpp(21,12): warning C4334: “<<”: 32 位移位的结果被隐式转换为 64 位(是否希望进行 64 位移位?)
C:\Users\Administrator.DESKTOP-1DADFR4\Desktop\原大师4.1版本\虚幻调试器4.1.1源码\UnrealDbg\Hook\vmx\vmx.cpp(23,80): warning C4334: “<<”: 32 位移位的结果被隐式转换为 64 位(是否希望进行 64 位移位?)
C:\Users\Administrator.DESKTOP-1DADFR4\Desktop\原大师4.1版本\虚幻调试器4.1.1源码\UnrealDbg\Hook\vmx\vmx.cpp(66,23): warning C4018: “<”: 有符号/无符号不匹配
C:\Users\Administrator.DESKTOP-1DADFR4\Desktop\原大师4.1版本\虚幻调试器4.1.1源码\UnrealDbg\Hook\vmx\vmx.cpp(84,23): warning C4018: “<”: 有符号/无符号不匹配
  正在生成代码
  Previous IPDB not found, fall back to full compilation.
  All 843 functions were compiled because no usable IPDB/IOBJ from previous compilation was found.
  已完成代码的生成
detours.lib(detours.obj) : warning LNK4099: 未找到 PDB“”(使用“detours.lib(detours.obj)”或在“”中寻找)；正在链接对象，如同没有调试信息一样
detours.lib(modules.obj) : warning LNK4099: 未找到 PDB“detours.pdb”(使用“detours.lib(modules.obj)”或在“C:\Users\Administrator.DESKTOP-1DADFR4\Desktop\原大师4.1版本\虚幻调试器4.1.1源码\UnrealDbg\x64\Release\detours.pdb”中寻找)；正在链接对象，如同没有调试信息一样
detours.lib(disasm.obj) : warning LNK4099: 未找到 PDB“detours.pdb”(使用“detours.lib(disasm.obj)”或在“C:\Users\Administrator.DESKTOP-1DADFR4\Desktop\原大师4.1版本\虚幻调试器4.1.1源码\UnrealDbg\x64\Release\detours.pdb”中寻找)；正在链接对象，如同没有调试信息一样
  Hook.vcxproj -> C:\Users\Administrator.DESKTOP-1DADFR4\Desktop\原大师4.1版本\虚幻调试器4.1.1源码\UnrealDbg\x64\Release\Hook64.dll
