  Common.cpp
C:\Users\Administrator.DESKTOP-1DADFR4\Desktop\原大师4.1版本\虚幻调试器4.1.1源码\UnrealDbg\Common\Common.cpp(85,48): warning C4267: “初始化”: 从“size_t”转换到“int”，可能丢失数据
C:\Users\Administrator.DESKTOP-1DADFR4\Desktop\原大师4.1版本\虚幻调试器4.1.1源码\UnrealDbg\Common\Common.cpp(85,48): warning C4267: “初始化”: 从“size_t”转换到“const int”，可能丢失数据
C:\Users\Administrator.DESKTOP-1DADFR4\Desktop\原大师4.1版本\虚幻调试器4.1.1源码\UnrealDbg\Common\Common.cpp(247,77): warning C4267: “参数”: 从“size_t”转换到“_Ty”，可能丢失数据
          with
          [
              _Ty=int
          ]
  FileSystem.cpp
  MD5.cpp
C:\Users\Administrator.DESKTOP-1DADFR4\Desktop\原大师4.1版本\虚幻调试器4.1.1源码\UnrealDbg\Common\Hash\MD5\MD5.cpp(96,8): warning C4267: “参数”: 从“size_t”转换到“DWORD”，可能丢失数据
  Symbols.cpp
C:\Users\Administrator.DESKTOP-1DADFR4\Desktop\原大师4.1版本\虚幻调试器4.1.1源码\UnrealDbg\Loader\Symbols.h(76,27): warning C4244: “初始化”: 从“float”转换到“ULONG”，可能丢失数据
  WinMain.cpp
C:\Users\Administrator.DESKTOP-1DADFR4\Desktop\原大师4.1版本\虚幻调试器4.1.1源码\UnrealDbg\Loader\Symbols.h(76,27): warning C4244: “初始化”: 从“float”转换到“ULONG”，可能丢失数据
C:\Users\Administrator.DESKTOP-1DADFR4\Desktop\原大师4.1版本\虚幻调试器4.1.1源码\UnrealDbg\Loader\WinMain.cpp(100,80): warning C4267: “参数”: 从“size_t”转换到“int”，可能丢失数据
C:\Users\Administrator.DESKTOP-1DADFR4\Desktop\原大师4.1版本\虚幻调试器4.1.1源码\UnrealDbg\Loader\WinMain.cpp(104,77): warning C4267: “参数”: 从“size_t”转换到“int”，可能丢失数据
C:\Users\Administrator.DESKTOP-1DADFR4\Desktop\原大师4.1版本\虚幻调试器4.1.1源码\UnrealDbg\Loader\WinMain.cpp(149,27): warning C4244: “=”: 从“WPARAM”转换到“int”，可能丢失数据
C:\Users\Administrator.DESKTOP-1DADFR4\Desktop\原大师4.1版本\虚幻调试器4.1.1源码\UnrealDbg\Loader\WinMain.cpp(374,7): warning C4101: “is64Process”: 未引用的局部变量
  正在生成代码
  Previous IPDB not found, fall back to full compilation.
  All 1014 functions were compiled because no usable IPDB/IOBJ from previous compilation was found.
  已完成代码的生成
  Loader.vcxproj -> C:\Users\Administrator.DESKTOP-1DADFR4\Desktop\原大师4.1版本\虚幻调试器4.1.1源码\UnrealDbg\x64\Release\山鸡调试器.exe
