c:\users\administrator.desktop-1dadfr4\desktop\原大师4.1版本\虚幻调试器4.1.1源码\unrealdbg\loader\x64\release\vc142.pdb
c:\users\administrator.desktop-1dadfr4\desktop\原大师4.1版本\虚幻调试器4.1.1源码\unrealdbg\loader\x64\release\winmain.obj
c:\users\administrator.desktop-1dadfr4\desktop\原大师4.1版本\虚幻调试器4.1.1源码\unrealdbg\loader\x64\release\symbols.obj
c:\users\administrator.desktop-1dadfr4\desktop\原大师4.1版本\虚幻调试器4.1.1源码\unrealdbg\loader\x64\release\md5.obj
c:\users\administrator.desktop-1dadfr4\desktop\原大师4.1版本\虚幻调试器4.1.1源码\unrealdbg\loader\x64\release\filesystem.obj
c:\users\administrator.desktop-1dadfr4\desktop\原大师4.1版本\虚幻调试器4.1.1源码\unrealdbg\loader\x64\release\common.obj
c:\users\administrator.desktop-1dadfr4\desktop\原大师4.1版本\虚幻调试器4.1.1源码\unrealdbg\x64\release\虚幻调试器.exe
c:\users\administrator.desktop-1dadfr4\desktop\原大师4.1版本\虚幻调试器4.1.1源码\unrealdbg\loader\x64\release\虚幻调试器.ipdb
c:\users\administrator.desktop-1dadfr4\desktop\原大师4.1版本\虚幻调试器4.1.1源码\unrealdbg\loader\x64\release\虚幻调试器.iobj
c:\users\administrator.desktop-1dadfr4\desktop\原大师4.1版本\虚幻调试器4.1.1源码\unrealdbg\x64\release\虚幻调试器.pdb
c:\users\administrator.desktop-1dadfr4\desktop\原大师4.1版本\虚幻调试器4.1.1源码\unrealdbg\loader\x64\release\loader.res
c:\users\administrator.desktop-1dadfr4\desktop\原大师4.1版本\虚幻调试器4.1.1源码\unrealdbg\loader\x64\release\loader.tlog\cl.command.1.tlog
c:\users\administrator.desktop-1dadfr4\desktop\原大师4.1版本\虚幻调试器4.1.1源码\unrealdbg\loader\x64\release\loader.tlog\cl.read.1.tlog
c:\users\administrator.desktop-1dadfr4\desktop\原大师4.1版本\虚幻调试器4.1.1源码\unrealdbg\loader\x64\release\loader.tlog\cl.write.1.tlog
c:\users\administrator.desktop-1dadfr4\desktop\原大师4.1版本\虚幻调试器4.1.1源码\unrealdbg\loader\x64\release\loader.tlog\link.command.1.tlog
c:\users\administrator.desktop-1dadfr4\desktop\原大师4.1版本\虚幻调试器4.1.1源码\unrealdbg\loader\x64\release\loader.tlog\link.read.1.tlog
c:\users\administrator.desktop-1dadfr4\desktop\原大师4.1版本\虚幻调试器4.1.1源码\unrealdbg\loader\x64\release\loader.tlog\link.write.1.tlog
c:\users\administrator.desktop-1dadfr4\desktop\原大师4.1版本\虚幻调试器4.1.1源码\unrealdbg\loader\x64\release\loader.tlog\rc.command.1.tlog
c:\users\administrator.desktop-1dadfr4\desktop\原大师4.1版本\虚幻调试器4.1.1源码\unrealdbg\loader\x64\release\loader.tlog\rc.read.1.tlog
c:\users\administrator.desktop-1dadfr4\desktop\原大师4.1版本\虚幻调试器4.1.1源码\unrealdbg\loader\x64\release\loader.tlog\rc.write.1.tlog
