e:\projects\vs\repos\unrealdbg\loader\x64\debug\vc142.pdb
e:\projects\vs\repos\unrealdbg\loader\x64\debug\vc142.idb
e:\projects\vs\repos\unrealdbg\loader\x64\debug\winmain.obj
e:\projects\vs\repos\unrealdbg\loader\x64\debug\symbols.obj
e:\projects\vs\repos\unrealdbg\loader\x64\debug\md5.obj
e:\projects\vs\repos\unrealdbg\loader\x64\debug\filesystem.obj
e:\projects\vs\repos\unrealdbg\loader\x64\debug\common.obj
e:\projects\vs\repos\unrealdbg\x64\debug\loader.exe
e:\projects\vs\repos\unrealdbg\loader\x64\debug\loader.ilk
e:\projects\vs\repos\unrealdbg\x64\debug\loader.pdb
e:\projects\vs\repos\unrealdbg\loader\x64\debug\loader.res
e:\projects\vs\repos\unrealdbg\loader\x64\debug\loader.tlog\cl.command.1.tlog
e:\projects\vs\repos\unrealdbg\loader\x64\debug\loader.tlog\cl.read.1.tlog
e:\projects\vs\repos\unrealdbg\loader\x64\debug\loader.tlog\cl.write.1.tlog
e:\projects\vs\repos\unrealdbg\loader\x64\debug\loader.tlog\link.command.1.tlog
e:\projects\vs\repos\unrealdbg\loader\x64\debug\loader.tlog\link.read.1.tlog
e:\projects\vs\repos\unrealdbg\loader\x64\debug\loader.tlog\link.write.1.tlog
e:\projects\vs\repos\unrealdbg\loader\x64\debug\loader.tlog\rc.command.1.tlog
e:\projects\vs\repos\unrealdbg\loader\x64\debug\loader.tlog\rc.read.1.tlog
e:\projects\vs\repos\unrealdbg\loader\x64\debug\loader.tlog\rc.write.1.tlog
