c:\users\administrator.desktop-1dadfr4\desktop\原大师4.1版本\虚幻调试器4.1.1源码\unrealdbg\unrealdbgdll\x64\release\vc142.pdb
c:\users\administrator.desktop-1dadfr4\desktop\原大师4.1版本\虚幻调试器4.1.1源码\unrealdbg\unrealdbgdll\x64\release\startprocess.obj
c:\users\administrator.desktop-1dadfr4\desktop\原大师4.1版本\虚幻调试器4.1.1源码\unrealdbg\unrealdbgdll\x64\release\interface.obj
c:\users\administrator.desktop-1dadfr4\desktop\原大师4.1版本\虚幻调试器4.1.1源码\unrealdbg\unrealdbgdll\x64\release\initntdevice.obj
c:\users\administrator.desktop-1dadfr4\desktop\原大师4.1版本\虚幻调试器4.1.1源码\unrealdbg\unrealdbgdll\x64\release\globals.obj
c:\users\administrator.desktop-1dadfr4\desktop\原大师4.1版本\虚幻调试器4.1.1源码\unrealdbg\unrealdbgdll\x64\release\dllmain.obj
c:\users\administrator.desktop-1dadfr4\desktop\原大师4.1版本\虚幻调试器4.1.1源码\unrealdbg\unrealdbgdll\x64\release\dispatchdata.obj
c:\users\administrator.desktop-1dadfr4\desktop\原大师4.1版本\虚幻调试器4.1.1源码\unrealdbg\unrealdbgdll\x64\release\logger.obj
c:\users\administrator.desktop-1dadfr4\desktop\原大师4.1版本\虚幻调试器4.1.1源码\unrealdbg\unrealdbgdll\x64\release\filesystem.obj
c:\users\administrator.desktop-1dadfr4\desktop\原大师4.1版本\虚幻调试器4.1.1源码\unrealdbg\unrealdbgdll\x64\release\blowfish.obj
c:\users\administrator.desktop-1dadfr4\desktop\原大师4.1版本\虚幻调试器4.1.1源码\unrealdbg\unrealdbgdll\x64\release\common.obj
c:\users\administrator.desktop-1dadfr4\desktop\原大师4.1版本\虚幻调试器4.1.1源码\unrealdbg\x64\release\unrealdbgdll.dll
c:\users\administrator.desktop-1dadfr4\desktop\原大师4.1版本\虚幻调试器4.1.1源码\unrealdbg\unrealdbgdll\x64\release\unrealdbgdll.ipdb
c:\users\administrator.desktop-1dadfr4\desktop\原大师4.1版本\虚幻调试器4.1.1源码\unrealdbg\unrealdbgdll\x64\release\unrealdbgdll.iobj
c:\users\administrator.desktop-1dadfr4\desktop\原大师4.1版本\虚幻调试器4.1.1源码\unrealdbg\x64\release\unrealdbgdll.pdb
c:\users\administrator.desktop-1dadfr4\desktop\原大师4.1版本\虚幻调试器4.1.1源码\unrealdbg\x64\release\unrealdbgdll.lib
c:\users\administrator.desktop-1dadfr4\desktop\原大师4.1版本\虚幻调试器4.1.1源码\unrealdbg\x64\release\unrealdbgdll.exp
c:\users\administrator.desktop-1dadfr4\desktop\原大师4.1版本\虚幻调试器4.1.1源码\unrealdbg\unrealdbgdll\x64\release\unrealdbgdll.tlog\cl.command.1.tlog
c:\users\administrator.desktop-1dadfr4\desktop\原大师4.1版本\虚幻调试器4.1.1源码\unrealdbg\unrealdbgdll\x64\release\unrealdbgdll.tlog\cl.read.1.tlog
c:\users\administrator.desktop-1dadfr4\desktop\原大师4.1版本\虚幻调试器4.1.1源码\unrealdbg\unrealdbgdll\x64\release\unrealdbgdll.tlog\cl.write.1.tlog
c:\users\administrator.desktop-1dadfr4\desktop\原大师4.1版本\虚幻调试器4.1.1源码\unrealdbg\unrealdbgdll\x64\release\unrealdbgdll.tlog\link.command.1.tlog
c:\users\administrator.desktop-1dadfr4\desktop\原大师4.1版本\虚幻调试器4.1.1源码\unrealdbg\unrealdbgdll\x64\release\unrealdbgdll.tlog\link.delete.1.tlog
c:\users\administrator.desktop-1dadfr4\desktop\原大师4.1版本\虚幻调试器4.1.1源码\unrealdbg\unrealdbgdll\x64\release\unrealdbgdll.tlog\link.read.1.tlog
c:\users\administrator.desktop-1dadfr4\desktop\原大师4.1版本\虚幻调试器4.1.1源码\unrealdbg\unrealdbgdll\x64\release\unrealdbgdll.tlog\link.write.1.tlog
c:\users\administrator.desktop-1dadfr4\desktop\原大师4.1版本\虚幻调试器4.1.1源码\unrealdbg\unrealdbgdll\x64\release\unrealdbgdll.tlog\unrealdbgdll.write.1u.tlog
