e:\projects\vs\repos\cheathelper\ring0\vt_driver\x64\release\vc142.pdb
e:\projects\vs\repos\cheathelper\ring0\vt_driver\x64\release\vmm.obj
e:\projects\vs\repos\cheathelper\ring0\vt_driver\x64\release\vmexit_handler.obj
e:\projects\vs\repos\cheathelper\ring0\vt_driver\x64\release\vmcs.obj
e:\projects\vs\repos\cheathelper\ring0\vt_driver\x64\release\vmcall_handler.obj
e:\projects\vs\repos\cheathelper\ring0\vt_driver\x64\release\spinlock.obj
e:\projects\vs\repos\cheathelper\ring0\vt_driver\x64\release\poolmanager.obj
e:\projects\vs\repos\cheathelper\ring0\vt_driver\x64\release\invalid_vpid.obj
e:\projects\vs\repos\cheathelper\ring0\vt_driver\x64\release\invalid_pcid.obj
e:\projects\vs\repos\cheathelper\ring0\vt_driver\x64\release\invalid_ept.obj
e:\projects\vs\repos\cheathelper\ring0\vt_driver\x64\release\initntoskrnl.obj
e:\projects\vs\repos\cheathelper\ring0\vt_driver\x64\release\idt.obj
e:\projects\vs\repos\cheathelper\ring0\vt_driver\x64\release\hypervisor_routines.obj
e:\projects\vs\repos\cheathelper\ring0\vt_driver\x64\release\hypervisor_gateway.obj
e:\projects\vs\repos\cheathelper\ring0\vt_driver\x64\release\globals.obj
e:\projects\vs\repos\cheathelper\ring0\vt_driver\x64\release\gdt.obj
e:\projects\vs\repos\cheathelper\ring0\vt_driver\x64\release\ept.obj
e:\projects\vs\repos\cheathelper\ring0\vt_driver\x64\release\driver.obj
e:\projects\vs\repos\cheathelper\ring0\vt_driver\x64\release\stringhandler.obj
e:\projects\vs\repos\cheathelper\x64\release\vt_driver.sys
e:\projects\vs\repos\cheathelper\x64\release\vt_driver.pdb
e:\projects\vs\repos\cheathelper\ring0\vt_driver\x64\release\asmcallset.obj
e:\projects\vs\repos\cheathelper\ring0\vt_driver\x64\release\exception-routines.obj
e:\projects\vs\repos\cheathelper\ring0\vt_driver\x64\release\interrupt-handlers.obj
e:\projects\vs\repos\cheathelper\ring0\vt_driver\x64\release\lde64.obj
e:\projects\vs\repos\cheathelper\ring0\vt_driver\x64\release\vm-exit.obj
e:\projects\vs\repos\cheathelper\ring0\vt_driver\x64\release\vm-launch.obj
e:\projects\vs\repos\cheathelper\x64\release\vt_driver.cer
e:\projects\vs\repos\cheathelper\ring0\vt_driver\x64\release\vt_driver.tlog\cl.command.1.tlog
e:\projects\vs\repos\cheathelper\ring0\vt_driver\x64\release\vt_driver.tlog\cl.read.1.tlog
e:\projects\vs\repos\cheathelper\ring0\vt_driver\x64\release\vt_driver.tlog\cl.write.1.tlog
e:\projects\vs\repos\cheathelper\ring0\vt_driver\x64\release\vt_driver.tlog\link.command.1.tlog
e:\projects\vs\repos\cheathelper\ring0\vt_driver\x64\release\vt_driver.tlog\link.read.1.tlog
e:\projects\vs\repos\cheathelper\ring0\vt_driver\x64\release\vt_driver.tlog\link.write.1.tlog
e:\projects\vs\repos\cheathelper\ring0\vt_driver\x64\release\vt_driver.tlog\masm.read.1u.tlog
e:\projects\vs\repos\cheathelper\ring0\vt_driver\x64\release\vt_driver.tlog\masm.write.1u.tlog
e:\projects\vs\repos\cheathelper\ring0\vt_driver\x64\release\vt_driver.tlog\signtool.command.1.tlog
e:\projects\vs\repos\cheathelper\ring0\vt_driver\x64\release\vt_driver.tlog\signtool.read.1.tlog
e:\projects\vs\repos\cheathelper\ring0\vt_driver\x64\release\vt_driver.tlog\signtool.timestamp.1.tlog
e:\projects\vs\repos\cheathelper\ring0\vt_driver\x64\release\vt_driver.tlog\signtool.write.1.tlog
