d:\source\driver\dbgksys\dbgksyswin11\x64\release\vc142.pdb
d:\source\driver\dbgksys\dbgksyswin11\x64\release\protectdrx.obj
d:\source\driver\dbgksys\dbgksyswin11\x64\release\protectprocess.obj
d:\source\driver\dbgksys\dbgksyswin11\x64\release\callbacks.obj
d:\source\driver\dbgksys\dbgksyswin11\x64\release\process.obj
d:\source\driver\dbgksys\dbgksyswin11\x64\release\readwrite.obj
d:\source\driver\dbgksys\dbgksyswin11\x64\release\log.obj
d:\source\driver\dbgksys\dbgksyswin11\x64\release\mylist.obj
d:\source\driver\dbgksys\dbgksyswin11\x64\release\initwin32kfull.obj
d:\source\driver\dbgksys\dbgksyswin11\x64\release\initwin32kbase.obj
d:\source\driver\dbgksys\dbgksyswin11\x64\release\initsymbolic.obj
d:\source\driver\dbgksys\dbgksyswin11\x64\release\initntoskrnl.obj
d:\source\driver\dbgksys\dbgksyswin11\x64\release\hypervisor_gateway.obj
d:\source\driver\dbgksys\dbgksyswin11\x64\release\epthook.obj
d:\source\driver\dbgksys\dbgksyswin11\x64\release\globals.obj
d:\source\driver\dbgksys\dbgksyswin11\x64\release\blowfish.obj
d:\source\driver\dbgksys\dbgksyswin11\x64\release\driver.obj
d:\source\driver\dbgksys\dbgksyswin11\x64\release\debugbreak.obj
d:\source\driver\dbgksys\dbgksyswin11\x64\release\dbgkapi.obj
d:\source\driver\dbgksys\dbgksyswin11\x64\release\stringhandler.obj
d:\source\driver\dbgksys\dbgksyswin11\x64\release\apcinject.obj
d:\source\driver\dbgksys\dbgksyswin11\x64\release\bypassfindwnd.obj
d:\source\driver\dbgksys\x64\release\dbgksyswin11.sys
d:\source\driver\dbgksys\x64\release\dbgksyswin11.pdb
d:\source\driver\dbgksys\dbgksyswin11\x64\release\asmcode.obj
d:\source\driver\dbgksys\dbgksyswin11\x64\release\asmcallset.obj
d:\source\driver\dbgksys\dbgksyswin11\x64\release\lde64.obj
d:\source\driver\dbgksys\x64\release\dbgksyswin11.cer
d:\source\driver\dbgksys\dbgksyswin11\x64\release\dbgksyswin11.tlog\cl.command.1.tlog
d:\source\driver\dbgksys\dbgksyswin11\x64\release\dbgksyswin11.tlog\cl.read.1.tlog
d:\source\driver\dbgksys\dbgksyswin11\x64\release\dbgksyswin11.tlog\cl.write.1.tlog
d:\source\driver\dbgksys\dbgksyswin11\x64\release\dbgksyswin11.tlog\link.command.1.tlog
d:\source\driver\dbgksys\dbgksyswin11\x64\release\dbgksyswin11.tlog\link.read.1.tlog
d:\source\driver\dbgksys\dbgksyswin11\x64\release\dbgksyswin11.tlog\link.write.1.tlog
d:\source\driver\dbgksys\dbgksyswin11\x64\release\dbgksyswin11.tlog\masm.read.1u.tlog
d:\source\driver\dbgksys\dbgksyswin11\x64\release\dbgksyswin11.tlog\masm.write.1u.tlog
d:\source\driver\dbgksys\dbgksyswin11\x64\release\dbgksyswin11.tlog\signtool.command.1.tlog
d:\source\driver\dbgksys\dbgksyswin11\x64\release\dbgksyswin11.tlog\signtool.read.1.tlog
d:\source\driver\dbgksys\dbgksyswin11\x64\release\dbgksyswin11.tlog\signtool.timestamp.1.tlog
d:\source\driver\dbgksys\dbgksyswin11\x64\release\dbgksyswin11.tlog\signtool.write.1.tlog
