e:\projects\vs\repos\cheathelper\ring0\vt_driver\x64\debug\vc142.pdb
e:\projects\vs\repos\cheathelper\ring0\vt_driver\x64\debug\vmm.obj
e:\projects\vs\repos\cheathelper\ring0\vt_driver\x64\debug\vmexit_handler.obj
e:\projects\vs\repos\cheathelper\ring0\vt_driver\x64\debug\vmcs.obj
e:\projects\vs\repos\cheathelper\ring0\vt_driver\x64\debug\vmcall_handler.obj
e:\projects\vs\repos\cheathelper\ring0\vt_driver\x64\debug\spinlock.obj
e:\projects\vs\repos\cheathelper\ring0\vt_driver\x64\debug\poolmanager.obj
e:\projects\vs\repos\cheathelper\ring0\vt_driver\x64\debug\invalid_vpid.obj
e:\projects\vs\repos\cheathelper\ring0\vt_driver\x64\debug\invalid_pcid.obj
e:\projects\vs\repos\cheathelper\ring0\vt_driver\x64\debug\invalid_ept.obj
e:\projects\vs\repos\cheathelper\ring0\vt_driver\x64\debug\initntoskrnl.obj
e:\projects\vs\repos\cheathelper\ring0\vt_driver\x64\debug\idt.obj
e:\projects\vs\repos\cheathelper\ring0\vt_driver\x64\debug\hypervisor_routines.obj
e:\projects\vs\repos\cheathelper\ring0\vt_driver\x64\debug\hypervisor_gateway.obj
e:\projects\vs\repos\cheathelper\ring0\vt_driver\x64\debug\globals.obj
e:\projects\vs\repos\cheathelper\ring0\vt_driver\x64\debug\gdt.obj
e:\projects\vs\repos\cheathelper\ring0\vt_driver\x64\debug\ept.obj
e:\projects\vs\repos\cheathelper\ring0\vt_driver\x64\debug\driver.obj
e:\projects\vs\repos\cheathelper\ring0\vt_driver\x64\debug\stringhandler.obj
e:\projects\vs\repos\cheathelper\x64\debug\vt_driver.sys
e:\projects\vs\repos\cheathelper\x64\debug\vt_driver.pdb
e:\projects\vs\repos\cheathelper\ring0\vt_driver\x64\debug\asmcallset.obj
e:\projects\vs\repos\cheathelper\ring0\vt_driver\x64\debug\exception-routines.obj
e:\projects\vs\repos\cheathelper\ring0\vt_driver\x64\debug\interrupt-handlers.obj
e:\projects\vs\repos\cheathelper\ring0\vt_driver\x64\debug\lde64.obj
e:\projects\vs\repos\cheathelper\ring0\vt_driver\x64\debug\vm-exit.obj
e:\projects\vs\repos\cheathelper\ring0\vt_driver\x64\debug\vm-launch.obj
e:\projects\vs\repos\cheathelper\x64\debug\vt_driver.cer
e:\projects\vs\repos\cheathelper\ring0\vt_driver\x64\debug\vt_driver.tlog\cl.command.1.tlog
e:\projects\vs\repos\cheathelper\ring0\vt_driver\x64\debug\vt_driver.tlog\cl.read.1.tlog
e:\projects\vs\repos\cheathelper\ring0\vt_driver\x64\debug\vt_driver.tlog\cl.write.1.tlog
e:\projects\vs\repos\cheathelper\ring0\vt_driver\x64\debug\vt_driver.tlog\link.command.1.tlog
e:\projects\vs\repos\cheathelper\ring0\vt_driver\x64\debug\vt_driver.tlog\link.read.1.tlog
e:\projects\vs\repos\cheathelper\ring0\vt_driver\x64\debug\vt_driver.tlog\link.write.1.tlog
e:\projects\vs\repos\cheathelper\ring0\vt_driver\x64\debug\vt_driver.tlog\masm.read.1u.tlog
e:\projects\vs\repos\cheathelper\ring0\vt_driver\x64\debug\vt_driver.tlog\masm.write.1u.tlog
e:\projects\vs\repos\cheathelper\ring0\vt_driver\x64\debug\vt_driver.tlog\signtool.command.1.tlog
e:\projects\vs\repos\cheathelper\ring0\vt_driver\x64\debug\vt_driver.tlog\signtool.read.1.tlog
e:\projects\vs\repos\cheathelper\ring0\vt_driver\x64\debug\vt_driver.tlog\signtool.timestamp.1.tlog
e:\projects\vs\repos\cheathelper\ring0\vt_driver\x64\debug\vt_driver.tlog\signtool.write.1.tlog
