  Common.cpp
E:\Projects\VS\repos\D-encryption\Common\Common.cpp(85,48): warning C4267: “初始化”: 从“size_t”转换到“int”，可能丢失数据
E:\Projects\VS\repos\D-encryption\Common\Common.cpp(85,48): warning C4267: “初始化”: 从“size_t”转换到“const int”，可能丢失数据
E:\Projects\VS\repos\D-encryption\Common\Common.cpp(247,77): warning C4267: “参数”: 从“size_t”转换到“_Ty”，可能丢失数据
          with
          [
              _Ty=int
          ]
  dllmain.cpp
E:\Projects\VS\repos\D-encryption\D-encryption\dllmain.cpp(37,79): warning C4267: “=”: 从“size_t”转换到“int”，可能丢失数据
E:\Projects\VS\repos\D-encryption\D-encryption\dllmain.cpp(62,41): warning C4267: “初始化”: 从“size_t”转换到“DWORD”，可能丢失数据
E:\Projects\VS\repos\D-encryption\D-encryption\dllmain.cpp(81,8): warning C4267: “参数”: 从“size_t”转换到“DWORD”，可能丢失数据
E:\Projects\VS\repos\D-encryption\D-encryption\dllmain.cpp(157,8): warning C4267: “参数”: 从“size_t”转换到“DWORD”，可能丢失数据
E:\Projects\VS\repos\D-encryption\D-encryption\dllmain.cpp(184,35): warning C4244: “=”: 从“std::streamoff”转换到“DWORD”，可能丢失数据
    正在创建库 E:\Projects\VS\repos\D-encryption\x64\Release\D-encryption.lib 和对象 E:\Projects\VS\repos\D-encryption\x64\Release\D-encryption.exp
  正在生成代码
  2 of 619 functions ( 0.3%) were compiled, the rest were copied from previous compilation.
    1 functions were new in current compilation
    8 functions had inline decision re-evaluated but remain unchanged
  已完成代码的生成
  D-encryption.vcxproj -> E:\Projects\VS\repos\D-encryption\x64\Release\D-encryption.dll
